<?xml version="1.0" encoding="UTF-8" ?>
<testsuite tests="9" failures="1" name="test.TestClass1" time="1.916" errors="0" skipped="8">
  <properties>
[...]
</properties>
  <testcase classname="test.TestClass1" name="openBrowser" time="0.617">
    <failure message="
Parameter &apos;browserName&apos; is required by BeforeTest on method openBrowser but has not been marked @Optional or defined
" type="org.testng.TestNGException">org.testng.TestNGException: 
Parameter &apos;browserName&apos; is required by BeforeTest on method openBrowser but has not been marked @Optional or defined

	at org.testng.internal.Parameters.createParams(Parameters.java:267)
	at org.testng.internal.Parameters.createParametersForMethod(Parameters.java:355)
	at org.testng.internal.Parameters.createParameters(Parameters.java:684)
	at org.testng.internal.Parameters.createConfigurationParameters(Parameters.java:166)
	at org.testng.internal.invokers.ConfigInvoker.invokeConfigurations(ConfigInvoker.java:277)
	at org.testng.TestRunner.invokeTestConfigurations(TestRunner.java:643)
	at org.testng.TestRunner.beforeRun(TestRunner.java:632)
	at org.testng.TestRunner.run(TestRunner.java:594)
	at org.testng.SuiteRunner.runTest(SuiteRunner.java:433)
	at org.testng.SuiteRunner.runSequentially(SuiteRunner.java:427)
	at org.testng.SuiteRunner.privateRun(SuiteRunner.java:387)
	at org.testng.SuiteRunner.run(SuiteRunner.java:330)
	at org.testng.SuiteRunnerWorker.runSuite(SuiteRunnerWorker.java:52)
	at org.testng.SuiteRunnerWorker.run(SuiteRunnerWorker.java:95)
	at org.testng.TestNG.runSuitesSequentially(TestNG.java:1256)
	at org.testng.TestNG.runSuitesLocally(TestNG.java:1176)
	at org.testng.TestNG.runSuites(TestNG.java:1099)
	at org.testng.TestNG.run(TestNG.java:1067)
	at org.apache.maven.surefire.testng.TestNGExecutor.run(TestNGExecutor.java:77)
	at org.apache.maven.surefire.testng.TestNGDirectoryTestSuite.execute(TestNGDirectoryTestSuite.java:110)
	at org.apache.maven.surefire.testng.TestNGProvider.invoke(TestNGProvider.java:106)
	at java.base/jdk.internal.reflect.NativeMethodAccessorImpl.invoke0(Native Method)
	at java.base/jdk.internal.reflect.NativeMethodAccessorImpl.invoke(NativeMethodAccessorImpl.java:77)
	at java.base/jdk.internal.reflect.DelegatingMethodAccessorImpl.invoke(DelegatingMethodAccessorImpl.java:43)
	at java.base/java.lang.reflect.Method.invoke(Method.java:568)
	at org.apache.maven.surefire.util.ReflectionUtils.invokeMethodWithArray(ReflectionUtils.java:189)
	at org.apache.maven.surefire.booter.ProviderFactory$ProviderProxy.invoke(ProviderFactory.java:165)
	at org.apache.maven.surefire.booter.ProviderFactory.invokeProvider(ProviderFactory.java:85)
	at org.apache.maven.surefire.booter.ForkedBooter.runSuitesInProcess(ForkedBooter.java:115)
	at org.apache.maven.surefire.booter.ForkedBooter.main(ForkedBooter.java:75)
</failure>
    <system-out>Configuring TestNG with: org.apache.maven.surefire.testng.conf.TestNG652Configurator@69b0fd6f
</system-out>
    <system-err>SLF4J: Failed to load class &quot;org.slf4j.impl.StaticLoggerBinder&quot;.
SLF4J: Defaulting to no-operation (NOP) logger implementation
SLF4J: See http://www.slf4j.org/codes.html#StaticLoggerBinder for further details.
</system-err>
  </testcase>
  <testcase classname="test.TestClass1" name="createPOMObject" time="0.634">
    <skipped/>
  </testcase>
  <testcase classname="test.TestClass1" name="searchMovieByName" time="0.649">
    <skipped/>
  </testcase>
  <testcase classname="test.TestClass1" name="verifyReleaseDate" time="0.001">
    <skipped/>
  </testcase>
  <testcase classname="test.TestClass1" name="logoutFromApplication" time="0.002">
    <skipped/>
  </testcase>
  <testcase classname="test.TestClass1" name="searchMovieByName" time="0.011">
    <skipped/>
  </testcase>
  <testcase classname="test.TestClass1" name="verifyCountry" time="0">
    <skipped/>
  </testcase>
  <testcase classname="test.TestClass1" name="logoutFromApplication" time="0">
    <skipped/>
  </testcase>
  <testcase classname="test.TestClass1" name="closeBrowser" time="0.002">
    <skipped/>
  </testcase>
</testsuite>