<?xml version="1.0" encoding="UTF-8"?>
<!-- Generated by org.testng.reporters.JUnitXMLReporter -->
<testsuite ignored="0" hostname="LAPTOP-M6D566IO" failures="0" tests="2" name="Test" time="4.974" errors="0" timestamp="2022-09-29T23:18:23 IST">
  <testcase classname="test.TestClass1" name="@BeforeClass createPOMObject" time="0.002">
    <failure type="java.lang.NoSuchMethodError" message="&amp;apos;void org.openqa.selenium.support.PageFactory.initElements(org.openqa.selenium.WebDriver, java.lang.Object)&amp;apos;">
      <![CDATA[java.lang.NoSuchMethodError: 'void org.openqa.selenium.support.PageFactory.initElements(org.openqa.selenium.WebDriver, java.lang.Object)'
at POM_Classes.HomePage.<init>(HomePage.java:19)
at test.TestClass1.createPOMObject(TestClass1.java:49)
at java.base/java.util.ArrayList.forEach(ArrayList.java:1511)
... Removed 25 stack frames]]>
    </failure>
  </testcase> <!-- @BeforeClass createPOMObject -->
  <testcase classname="test.TestClass1" name="@BeforeMethod searchMovieByName" time="0.0">
    <skipped/>
  </testcase> <!-- @BeforeMethod searchMovieByName -->
  <testcase classname="test.TestClass1" name="@AfterMethod logoutFromApplication" time="0.0">
    <skipped/>
  </testcase> <!-- @AfterMethod logoutFromApplication -->
  <testcase classname="test.TestClass1" name="@BeforeMethod searchMovieByName" time="0.0">
    <skipped/>
  </testcase> <!-- @BeforeMethod searchMovieByName -->
  <testcase classname="test.TestClass1" name="@AfterMethod logoutFromApplication" time="0.0">
    <skipped/>
  </testcase> <!-- @AfterMethod logoutFromApplication -->
  <testcase classname="test.TestClass1" name="@AfterClass closeBrowser" time="0.0">
    <skipped/>
  </testcase> <!-- @AfterClass closeBrowser -->
  <testcase classname="test.TestClass1" name="verifyReleaseDate" time="0.0">
    <skipped/>
  </testcase> <!-- verifyReleaseDate -->
  <testcase classname="test.TestClass1" name="verifyCountry" time="0.0">
    <skipped/>
  </testcase> <!-- verifyCountry -->
</testsuite> <!-- Test -->
